<?xml version="1.0" encoding="UTF-8"?>
<!-- Generated by org.testng.reporters.JUnitXMLReporter -->
<testsuite hostname="Brijesh-HP" ignored="0" name="Verfify Links" tests="3" failures="1" timestamp="26 Jun 2020 19:29:31 GMT" time="15.263" errors="0">
  <testcase name="printAllTopMenusLinks" time="3.211" classname="com.automationproject.testscript.NDTVBusiness"/>
  <testcase name="printAllBottomMenusLinks" time="0.809" classname="com.automationproject.testscript.NDTVBusiness"/>
  <testcase name="CheckBusinessLinkInFooter" time="0.313" classname="com.automationproject.testscript.NDTVBusiness">
    <failure type="java.lang.AssertionError" message="Top business link is not present in bottom linklist">
      <![CDATA[java.lang.AssertionError: Top business link is not present in bottom linklist
at com.automationproject.pageobjects.NDTVHomePage.comparetoplinkInBottomMenu(NDTVHomePage.java:65)
at com.automationproject.testscript.NDTVBusiness.CheckBusinessLinkInFooter(NDTVBusiness.java:24)
... Removed 35 stack frames]]>
    </failure>
  </testcase> <!-- CheckBusinessLinkInFooter -->
</testsuite> <!-- Verfify Links -->
