<?xml version="1.0" encoding="UTF-8"?>
<!-- Generated by org.testng.reporters.JUnitXMLReporter -->
<testsuite hostname="Brijesh-HP" ignored="0" name="Verify Animate Box" tests="2" failures="0" timestamp="26 Jun 2020 19:29:16 GMT" time="30.318" errors="0">
  <testcase name="colorVerfication" time="10.63" classname="com.automationproject.testscript.Jquery"/>
  <testcase name="toggleSizeVerificatiom" time="0.001" classname="com.automationproject.testscript.Jquery"/>
</testsuite> <!-- Verify Animate Box -->
