<?xml version="1.0" encoding="UTF-8"?>
<testsuite name="TestSuite" time="82.878" tests="7" errors="0" skipped="3" failures="2">
  <properties>
[...]
</properties>
  <testcase name="launchBrowser" classname="com.automationproject.testscript.Jquery" time="74.962">
    <failure message="Error communicating with the remote browser. It may have died.&#10;Build info: version: &apos;4.0.0-alpha-5&apos;, revision: &apos;b3a0d621cc&apos;&#10;System info: host: &apos;BRIJESH-HP&apos;, ip: &apos;192.168.56.1&apos;, os.name: &apos;Windows 7&apos;, os.arch: &apos;amd64&apos;, os.version: &apos;6.1&apos;, java.version: &apos;1.8.0_251&apos;&#10;Driver info: driver.version: RemoteWebDriver&#10;Capabilities {acceptInsecureCerts: false, browserName: chrome, browserVersion: 83.0.4103.116, chrome: {chromedriverVersion: 83.0.4103.39 (ccbf011cb2d2b..., userDataDir: C:\Users\Brijesh\AppData\Lo...}, goog:chromeOptions: {debuggerAddress: localhost:52726}, javascriptEnabled: true, networkConnectionEnabled: false, pageLoadStrategy: normal, platform: WINDOWS, platformName: WINDOWS, proxy: Proxy(), setWindowRect: true, strictFileInteractability: false, timeouts: {implicit: 0, pageLoad: 300000, script: 30000}, unhandledPromptBehavior: dismiss and notify, webauthn:virtualAuthenticators: true}&#10;Session ID: d4787201025f5fa5ca389a386568be23" type="org.openqa.selenium.remote.UnreachableBrowserException">org.openqa.selenium.remote.UnreachableBrowserException: Error communicating with the remote browser. It may have died.
Build info: version: '4.0.0-alpha-5', revision: 'b3a0d621cc'
System info: host: 'BRIJESH-HP', ip: '192.168.56.1', os.name: 'Windows 7', os.arch: 'amd64', os.version: '6.1', java.version: '1.8.0_251'
Driver info: driver.version: RemoteWebDriver
Capabilities {acceptInsecureCerts: false, browserName: chrome, browserVersion: 83.0.4103.116, chrome: {chromedriverVersion: 83.0.4103.39 (ccbf011cb2d2b..., userDataDir: C:\Users\Brijesh\AppData\Lo...}, goog:chromeOptions: {debuggerAddress: localhost:52726}, javascriptEnabled: true, networkConnectionEnabled: false, pageLoadStrategy: normal, platform: WINDOWS, platformName: WINDOWS, proxy: Proxy(), setWindowRect: true, strictFileInteractability: false, timeouts: {implicit: 0, pageLoad: 300000, script: 30000}, unhandledPromptBehavior: dismiss and notify, webauthn:virtualAuthenticators: true}
Session ID: d4787201025f5fa5ca389a386568be23
	at org.asynchttpclient.netty.timeout.TimeoutTimerTask.expire(TimeoutTimerTask.java:43)
	at org.asynchttpclient.netty.timeout.RequestTimeoutTimerTask.run(RequestTimeoutTimerTask.java:50)
	at io.netty.util.HashedWheelTimer$HashedWheelTimeout.expire(HashedWheelTimer.java:672)
	at io.netty.util.HashedWheelTimer$HashedWheelBucket.expireTimeouts(HashedWheelTimer.java:747)
	at io.netty.util.HashedWheelTimer$Worker.run(HashedWheelTimer.java:472)
	at io.netty.util.concurrent.FastThreadLocalRunnable.run(FastThreadLocalRunnable.java:30)
	at java.lang.Thread.run(Thread.java:748)
</failure>
    <system-out>initializing driver..
driver initialized!!
launching https://jqueryui.com/animate/
</system-out>
    <system-err>SLF4J: Failed to load class "org.slf4j.impl.StaticLoggerBinder".
SLF4J: Defaulting to no-operation (NOP) logger implementation
SLF4J: See http://www.slf4j.org/codes.html#StaticLoggerBinder for further details.
Starting ChromeDriver 83.0.4103.39 (ccbf011cb2d2b19b506d844400483861342c20cd-refs/branch-heads/4103@{#416}) on port 27196
Only local connections are allowed.
Please see https://chromedriver.chromium.org/security-considerations for suggestions on keeping ChromeDriver safe.
ChromeDriver was started successfully.
Jun 26, 2020 3:05:29 PM org.openqa.selenium.remote.ProtocolHandshake createSession
INFO: Detected dialect: W3C
</system-err>
  </testcase>
  <testcase name="colorVerfication" classname="com.automationproject.testscript.Jquery" time="0">
    <skipped/>
  </testcase>
  <testcase name="toggleSizeVerificatiom" classname="com.automationproject.testscript.Jquery" time="0">
    <skipped/>
  </testcase>
  <testcase name="closeBrowser" classname="com.automationproject.testscript.Jquery" time="0">
    <skipped/>
  </testcase>
  <testcase name="printAllTopMenusLinks" classname="com.automationproject.testscript.NDTVBusiness" time="6.573"/>
  <testcase name="printAllBottomMenusLinks" classname="com.automationproject.testscript.NDTVBusiness" time="0.848"/>
  <testcase name="CheckBusinessLinkInFooter" classname="com.automationproject.testscript.NDTVBusiness" time="0.495">
    <failure message="Top business link is not present in bottom linklist" type="java.lang.AssertionError">java.lang.AssertionError: Top business link is not present in bottom linklist
	at org.testng.Assert.fail(Assert.java:96)
	at com.automationproject.pageobjects.NDTVHomePage.comparetoplinkInBottomMenu(NDTVHomePage.java:65)
	at com.automationproject.testscript.NDTVBusiness.CheckBusinessLinkInFooter(NDTVBusiness.java:24)
</failure>
    <system-out>toplinkurl https://www.ndtv.com/business?pfrom=home-header-globalnav2018
bottomlinkurl https://www.ndtv.com/business?pfrom=home-footer
Top business link is not present in bottom linklist
</system-out>
  </testcase>
</testsuite>